<?xml version="1.0" encoding="UTF-8"?>
<!-- Generated by org.testng.reporters.JUnitXMLReporter -->
<testsuite ignored="2" hostname="DESKTOP-VQGIBRP" failures="0" tests="1" name="Test" time="8.941" errors="0" timestamp="2025-06-03T11:23:49 IST">
  <testcase classname="testScript.ManageNewsTest" name="manageNewsTestNewsDelete" time="1.198"/>
  <testcase classname="testScript.ManageNewsTest" name="manageNewsTest" time="0.0">
    <ignored/>
  </testcase> <!-- manageNewsTest -->
  <testcase classname="testScript.ManageNewsTest" name="manageNewsTestSaveButtonDisplay" time="0.0">
    <ignored/>
  </testcase> <!-- manageNewsTestSaveButtonDisplay -->
</testsuite> <!-- Test -->
