<?xml version="1.0" encoding="UTF-8"?>
<!-- Generated by org.testng.reporters.JUnitXMLReporter -->
<testsuite ignored="0" hostname="DESKTOP-VQGIBRP" failures="0" tests="3" name="Test" time="12.249" errors="0" timestamp="2025-06-09T12:52:44 IST">
  <testcase classname="testScript.ManageNewsTest" name="verifyWhetherUserIsAbleToCreateNewsInformation" time="2.296"/>
  <testcase classname="testScript.ManageNewsTest" name="verifyWhetherUserIsAbleToDeleteNewsInformation" time="1.462"/>
  <testcase classname="testScript.ManageNewsTest" name="verifyWhetherUserIsAbleToDisplayManageNewsUpdateButton" time="1.503"/>
</testsuite> <!-- Test -->
