<?xml version="1.0" encoding="UTF-8"?>
<testng-results ignored="0" total="3" passed="1" failed="2" skipped="0">
  <reporter-output>
  </reporter-output>
  <suite started-at="2025-06-09T13:01:24 IST" name="paralleltesting" finished-at="2025-06-09T13:01:33 IST" duration-ms="8632">
    <groups>
    </groups>
    <test started-at="2025-06-09T13:01:24 IST" name="Test2" finished-at="2025-06-09T13:01:32 IST" duration-ms="7684">
      <class name="testScript.ManageFooterTextTest">
        <test-method is-config="true" signature="browserIntialization(java.lang.String)[pri:0, instance:testScript.ManageFooterTextTest@7dcf94f8]" started-at="2025-06-09T13:01:24 IST" name="browserIntialization" finished-at="2025-06-09T13:01:28 IST" duration-ms="3173" status="PASS">
          <params>
            <param index="0">
              <value>
                <![CDATA[chrome]]>
              </value>
            </param>
          </params>
          <reporter-output>
          </reporter-output>
        </test-method> <!-- browserIntialization -->
        <test-method signature="verifyWhetherUserIsAbleToCreateNewFooterTextInformation()[pri:0, instance:testScript.ManageFooterTextTest@7dcf94f8]" started-at="2025-06-09T13:01:28 IST" name="verifyWhetherUserIsAbleToCreateNewFooterTextInformation" description="Verify whether the user is able to add a new information to the manage footer page sucessfully" finished-at="2025-06-09T13:01:28 IST" duration-ms="301" status="FAIL">
          <exception class="org.apache.poi.EmptyFileException">
            <message>
              <![CDATA[The supplied file was empty (zero bytes long)]]>
            </message>
            <full-stacktrace>
              <![CDATA[org.apache.poi.EmptyFileException: The supplied file was empty (zero bytes long)
at org.apache.poi.util.IOUtils.peekFirstNBytes(IOUtils.java:149)
at org.apache.poi.poifs.filesystem.FileMagic.valueOf(FileMagic.java:209)
at org.apache.poi.openxml4j.opc.internal.ZipHelper.verifyZipHeader(ZipHelper.java:147)
at org.apache.poi.openxml4j.opc.internal.ZipHelper.openZipStream(ZipHelper.java:191)
at org.apache.poi.openxml4j.opc.ZipPackage.<init>(ZipPackage.java:156)
at org.apache.poi.openxml4j.opc.OPCPackage.open(OPCPackage.java:363)
at org.apache.poi.ooxml.util.PackageHelper.open(PackageHelper.java:67)
at org.apache.poi.xssf.usermodel.XSSFWorkbook.<init>(XSSFWorkbook.java:315)
at org.apache.poi.xssf.usermodel.XSSFWorkbook.<init>(XSSFWorkbook.java:289)
at utilities.ExcelUtility.getStringData(ExcelUtility.java:23)
at testScript.ManageFooterTextTest.verifyWhetherUserIsAbleToCreateNewFooterTextInformation(ManageFooterTextTest.java:25)
at java.base/jdk.internal.reflect.DirectMethodHandleAccessor.invoke(DirectMethodHandleAccessor.java:103)
at java.base/java.lang.reflect.Method.invoke(Method.java:580)
at org.testng.internal.invokers.MethodInvocationHelper.invokeMethod(MethodInvocationHelper.java:139)
at org.testng.internal.invokers.TestInvoker.invokeMethod(TestInvoker.java:664)
at org.testng.internal.invokers.TestInvoker.invokeTestMethod(TestInvoker.java:227)
at org.testng.internal.invokers.MethodRunner.runInSequence(MethodRunner.java:50)
at org.testng.internal.invokers.TestInvoker$MethodInvocationAgent.invoke(TestInvoker.java:957)
at org.testng.internal.invokers.TestInvoker.invokeTestMethods(TestInvoker.java:200)
at org.testng.internal.invokers.TestMethodWorker.invokeTestMethods(TestMethodWorker.java:148)
at org.testng.internal.invokers.TestMethodWorker.run(TestMethodWorker.java:128)
at java.base/java.util.ArrayList.forEach(ArrayList.java:1596)
at org.testng.TestRunner.privateRun(TestRunner.java:848)
at org.testng.TestRunner.run(TestRunner.java:621)
at org.testng.SuiteRunner.runTest(SuiteRunner.java:443)
at org.testng.SuiteRunner$SuiteWorker.run(SuiteRunner.java:481)
at org.testng.internal.thread.ThreadUtil.lambda$execute$0(ThreadUtil.java:58)
at java.base/java.util.concurrent.FutureTask.run(FutureTask.java:317)
at java.base/java.util.concurrent.ThreadPoolExecutor.runWorker(ThreadPoolExecutor.java:1144)
at java.base/java.util.concurrent.ThreadPoolExecutor$Worker.run(ThreadPoolExecutor.java:642)
at java.base/java.lang.Thread.run(Thread.java:1583)
]]>
            </full-stacktrace>
          </exception> <!-- org.apache.poi.EmptyFileException -->
          <reporter-output>
          </reporter-output>
        </test-method> <!-- verifyWhetherUserIsAbleToCreateNewFooterTextInformation -->
        <test-method is-config="true" signature="browserQuit(org.testng.ITestResult)[pri:0, instance:testScript.ManageFooterTextTest@7dcf94f8]" started-at="2025-06-09T13:01:28 IST" name="browserQuit" finished-at="2025-06-09T13:01:28 IST" duration-ms="154" status="PASS">
          <params>
            <param index="0">
              <value>
                <![CDATA[[TestResult name=verifyWhetherUserIsAbleToCreateNewFooterTextInformation status=FAILURE method=ManageFooterTextTest.verifyWhetherUserIsAbleToCreateNewFooterTextInformation()[pri:0, instance:testScript.ManageFooterTextTest@7dcf94f8] output={null}]]]>
              </value>
            </param>
          </params>
          <reporter-output>
          </reporter-output>
        </test-method> <!-- browserQuit -->
        <test-method is-config="true" signature="browserIntialization(java.lang.String)[pri:0, instance:testScript.ManageFooterTextTest@7dcf94f8]" started-at="2025-06-09T13:01:28 IST" name="browserIntialization" finished-at="2025-06-09T13:01:31 IST" duration-ms="2817" status="PASS">
          <params>
            <param index="0">
              <value>
                <![CDATA[chrome]]>
              </value>
            </param>
          </params>
          <reporter-output>
          </reporter-output>
        </test-method> <!-- browserIntialization -->
        <test-method signature="verifyWhetherUserIsAbleToDisplayFooterTextUpdateButton()[pri:0, instance:testScript.ManageFooterTextTest@7dcf94f8]" started-at="2025-06-09T13:01:31 IST" name="verifyWhetherUserIsAbleToDisplayFooterTextUpdateButton" description="Verify whether the user is able to view the updatebutton in manage footer page sucessfully" finished-at="2025-06-09T13:01:31 IST" duration-ms="451" status="FAIL">
          <exception class="java.lang.NullPointerException">
            <message>
              <![CDATA[Cannot invoke "pages.ManageFooterTextPage.isUpdateButtonDisplayed()" because "this.managefootertextpage" is null]]>
            </message>
            <full-stacktrace>
              <![CDATA[java.lang.NullPointerException: Cannot invoke "pages.ManageFooterTextPage.isUpdateButtonDisplayed()" because "this.managefootertextpage" is null
at testScript.ManageFooterTextTest.verifyWhetherUserIsAbleToDisplayFooterTextUpdateButton(ManageFooterTextTest.java:49)
at java.base/jdk.internal.reflect.DirectMethodHandleAccessor.invoke(DirectMethodHandleAccessor.java:103)
at java.base/java.lang.reflect.Method.invoke(Method.java:580)
at org.testng.internal.invokers.MethodInvocationHelper.invokeMethod(MethodInvocationHelper.java:139)
at org.testng.internal.invokers.TestInvoker.invokeMethod(TestInvoker.java:664)
at org.testng.internal.invokers.TestInvoker.invokeTestMethod(TestInvoker.java:227)
at org.testng.internal.invokers.MethodRunner.runInSequence(MethodRunner.java:50)
at org.testng.internal.invokers.TestInvoker$MethodInvocationAgent.invoke(TestInvoker.java:957)
at org.testng.internal.invokers.TestInvoker.invokeTestMethods(TestInvoker.java:200)
at org.testng.internal.invokers.TestMethodWorker.invokeTestMethods(TestMethodWorker.java:148)
at org.testng.internal.invokers.TestMethodWorker.run(TestMethodWorker.java:128)
at java.base/java.util.ArrayList.forEach(ArrayList.java:1596)
at org.testng.TestRunner.privateRun(TestRunner.java:848)
at org.testng.TestRunner.run(TestRunner.java:621)
at org.testng.SuiteRunner.runTest(SuiteRunner.java:443)
at org.testng.SuiteRunner$SuiteWorker.run(SuiteRunner.java:481)
at org.testng.internal.thread.ThreadUtil.lambda$execute$0(ThreadUtil.java:58)
at java.base/java.util.concurrent.FutureTask.run(FutureTask.java:317)
at java.base/java.util.concurrent.ThreadPoolExecutor.runWorker(ThreadPoolExecutor.java:1144)
at java.base/java.util.concurrent.ThreadPoolExecutor$Worker.run(ThreadPoolExecutor.java:642)
at java.base/java.lang.Thread.run(Thread.java:1583)
]]>
            </full-stacktrace>
          </exception> <!-- java.lang.NullPointerException -->
          <reporter-output>
          </reporter-output>
        </test-method> <!-- verifyWhetherUserIsAbleToDisplayFooterTextUpdateButton -->
        <test-method is-config="true" signature="browserQuit(org.testng.ITestResult)[pri:0, instance:testScript.ManageFooterTextTest@7dcf94f8]" started-at="2025-06-09T13:01:31 IST" name="browserQuit" finished-at="2025-06-09T13:01:32 IST" duration-ms="737" status="PASS">
          <params>
            <param index="0">
              <value>
                <![CDATA[[TestResult name=verifyWhetherUserIsAbleToDisplayFooterTextUpdateButton status=FAILURE method=ManageFooterTextTest.verifyWhetherUserIsAbleToDisplayFooterTextUpdateButton()[pri:0, instance:testScript.ManageFooterTextTest@7dcf94f8] output={null}]]]>
              </value>
            </param>
          </params>
          <reporter-output>
          </reporter-output>
        </test-method> <!-- browserQuit -->
      </class> <!-- testScript.ManageFooterTextTest -->
    </test> <!-- Test2 -->
    <test started-at="2025-06-09T13:01:24 IST" name="Test1" finished-at="2025-06-09T13:01:33 IST" duration-ms="8632">
      <class name="testScript.ManageContactTest">
        <test-method is-config="true" signature="browserIntialization(java.lang.String)[pri:0, instance:testScript.ManageContactTest@130d63be]" started-at="2025-06-09T13:01:24 IST" name="browserIntialization" finished-at="2025-06-09T13:01:28 IST" duration-ms="3263" status="PASS">
          <params>
            <param index="0">
              <value>
                <![CDATA[chrome]]>
              </value>
            </param>
          </params>
          <reporter-output>
          </reporter-output>
        </test-method> <!-- browserIntialization -->
        <test-method signature="verifyWhetherUserIsAbleToCreateNewContactInformation()[pri:0, instance:testScript.ManageContactTest@130d63be]" started-at="2025-06-09T13:01:28 IST" name="verifyWhetherUserIsAbleToCreateNewContactInformation" description="Verify whether the user is able to add a new contact informationto the manage contact page sucessfully" finished-at="2025-06-09T13:01:33 IST" duration-ms="5309" status="PASS">
          <reporter-output>
          </reporter-output>
        </test-method> <!-- verifyWhetherUserIsAbleToCreateNewContactInformation -->
        <test-method is-config="true" signature="browserQuit(org.testng.ITestResult)[pri:0, instance:testScript.ManageContactTest@130d63be]" started-at="2025-06-09T13:01:33 IST" name="browserQuit" finished-at="2025-06-09T13:01:33 IST" duration-ms="3" status="PASS">
          <params>
            <param index="0">
              <value>
                <![CDATA[[TestResult name=verifyWhetherUserIsAbleToCreateNewContactInformation status=SUCCESS method=ManageContactTest.verifyWhetherUserIsAbleToCreateNewContactInformation()[pri:0, instance:testScript.ManageContactTest@130d63be] output={null}]]]>
              </value>
            </param>
          </params>
          <reporter-output>
          </reporter-output>
        </test-method> <!-- browserQuit -->
      </class> <!-- testScript.ManageContactTest -->
    </test> <!-- Test1 -->
  </suite> <!-- paralleltesting -->
</testng-results>
