<?xml version="1.0" encoding="UTF-8"?>
<!-- Generated by org.testng.reporters.JUnitXMLReporter -->
<testsuite ignored="0" hostname="DESKTOP-VQGIBRP" failures="2" tests="2" name="Test2" time="7.684" errors="0" timestamp="2025-06-09T13:01:32 IST">
  <testcase classname="testScript.ManageFooterTextTest" name="verifyWhetherUserIsAbleToCreateNewFooterTextInformation" time="0.301">
    <failure type="org.apache.poi.EmptyFileException" message="The supplied file was empty (zero bytes long)">
      <![CDATA[org.apache.poi.EmptyFileException: The supplied file was empty (zero bytes long)
at org.apache.poi.util.IOUtils.peekFirstNBytes(IOUtils.java:149)
at org.apache.poi.poifs.filesystem.FileMagic.valueOf(FileMagic.java:209)
at org.apache.poi.openxml4j.opc.internal.ZipHelper.verifyZipHeader(ZipHelper.java:147)
at org.apache.poi.openxml4j.opc.internal.ZipHelper.openZipStream(ZipHelper.java:191)
at org.apache.poi.openxml4j.opc.ZipPackage.<init>(ZipPackage.java:156)
at org.apache.poi.openxml4j.opc.OPCPackage.open(OPCPackage.java:363)
at org.apache.poi.ooxml.util.PackageHelper.open(PackageHelper.java:67)
at org.apache.poi.xssf.usermodel.XSSFWorkbook.<init>(XSSFWorkbook.java:315)
at org.apache.poi.xssf.usermodel.XSSFWorkbook.<init>(XSSFWorkbook.java:289)
at utilities.ExcelUtility.getStringData(ExcelUtility.java:23)
at testScript.ManageFooterTextTest.verifyWhetherUserIsAbleToCreateNewFooterTextInformation(ManageFooterTextTest.java:25)
at java.base/java.util.ArrayList.forEach(ArrayList.java:1596)
at java.base/java.util.concurrent.FutureTask.run(FutureTask.java:317)
at java.base/java.util.concurrent.ThreadPoolExecutor.runWorker(ThreadPoolExecutor.java:1144)
at java.base/java.util.concurrent.ThreadPoolExecutor$Worker.run(ThreadPoolExecutor.java:642)
at java.base/java.lang.Thread.run(Thread.java:1583)
... Removed 15 stack frames]]>
    </failure>
  </testcase> <!-- verifyWhetherUserIsAbleToCreateNewFooterTextInformation -->
  <testcase classname="testScript.ManageFooterTextTest" name="verifyWhetherUserIsAbleToDisplayFooterTextUpdateButton" time="0.451">
    <failure type="java.lang.NullPointerException" message="Cannot invoke &amp;quot;pages.ManageFooterTextPage.isUpdateButtonDisplayed()&amp;quot; because &amp;quot;this.managefootertextpage&amp;quot; is null">
      <![CDATA[java.lang.NullPointerException: Cannot invoke "pages.ManageFooterTextPage.isUpdateButtonDisplayed()" because "this.managefootertextpage" is null
at testScript.ManageFooterTextTest.verifyWhetherUserIsAbleToDisplayFooterTextUpdateButton(ManageFooterTextTest.java:49)
at java.base/java.util.ArrayList.forEach(ArrayList.java:1596)
at java.base/java.util.concurrent.FutureTask.run(FutureTask.java:317)
at java.base/java.util.concurrent.ThreadPoolExecutor.runWorker(ThreadPoolExecutor.java:1144)
at java.base/java.util.concurrent.ThreadPoolExecutor$Worker.run(ThreadPoolExecutor.java:642)
at java.base/java.lang.Thread.run(Thread.java:1583)
... Removed 15 stack frames]]>
    </failure>
  </testcase> <!-- verifyWhetherUserIsAbleToDisplayFooterTextUpdateButton -->
</testsuite> <!-- Test2 -->
