<?xml version="1.0" encoding="UTF-8"?>
<!-- Generated by org.testng.reporters.JUnitXMLReporter -->
<testsuite ignored="0" hostname="DESKTOP-VQGIBRP" failures="0" tests="4" name="Test" time="11.661" errors="0" timestamp="2025-06-03T11:39:07 IST">
  <testcase classname="testScript.ManageNewsTest" name="manageNewsTest" time="2.178"/>
  <testcase classname="testScript.ManageContactTest" name="manageContactTest" time="2.564"/>
  <testcase classname="testScript.ManageNewsTest" name="manageNewsTestNewsDelete" time="1.234"/>
  <testcase classname="testScript.ManageNewsTest" name="manageNewsTestSaveButtonDisplay" time="1.141"/>
</testsuite> <!-- Test -->
